[yahoo-finance2] v2 is no longer maintained nor supported.  Please migrate to v3. See https://github.com/gadicc/yahoo-finance2/blob/dev/docs/UPGRADING.md for details.
prisma:query SELECT "public"."Investment"."id", "public"."Investment"."symbol", "public"."Investment"."name", "public"."Investment"."currency", "public"."Investment"."lastPrice", "public"."Investment"."logoUrl", "public"."Investment"."updatedAt" FROM "public"."Investment" WHERE "public"."Investment"."logoUrl" IS NULL ORDER BY "public"."Investment"."id" ASC LIMIT $1 OFFSET $2
Found 50 investments to update in this batch.
Processing VUSA...
Please consider completing the survey at https://bit.ly/yahoo-finance-api-feedback if you haven't already; for more info see https://github.com/gadicc/node-yahoo-finance2/issues/764#issuecomment-2056623851.  This will only be shown once, but you can suppress this message in future with `yahooFinance.suppressNotices(['yahooSurvey'])`.
Fetching crumb and cookies from https://finance.yahoo.com/quote/AAPL...
fetch https://guce.yahoo.com/consent?brandType=nonEu&gcrumb=PHtslhY&done=https%3A%2F%2Ffinance.yahoo.com%2Fquote%2FAAPL
fetch https://consent.yahoo.com/v2/collectConsent?sessionId=3_cc-session_745e9b4c-77f3-4e69-8ffc-6f2c2f1b7657
fetch https://consent.yahoo.com/v2/collectConsent?sessionId=3_cc-session_745e9b4c-77f3-4e69-8ffc-6f2c2f1b7657
fetch https://guce.yahoo.com/copyConsent?sessionId=3_cc-session_745e9b4c-77f3-4e69-8ffc-6f2c2f1b7657&lang=en-GB
Fetching crumb and cookies from https://finance.yahoo.com/quote/AAPL?guccounter=1...
We expected a redirect to guce.yahoo.com, but got https://finance.yahoo.com/quote/AAPL/
We'll try to continue anyway - you can safely ignore this if the request succeeds
Success. Cookie expires on Infinity
fetch https://query1.finance.yahoo.com/v1/test/getcrumb
New crumb: sfoM1Tgtol9
  Failed to update VUSA: Unexpected token 'T', "Too Many Requests
" is not valid JSON
Processing DIS...
  Failed to update DIS: Unexpected token 'T', "Too Many Requests
" is not valid JSON
Processing SPFA...
  Failed to update SPFA: Unexpected token 'T', "Too Many Requests
" is not valid JSON
Processing CTAS...
  Failed to update CTAS: Unexpected token 'T', "Too Many Requests
" is not valid JSON
Processing CG...
  Failed to update CG: Unexpected token 'T', "Too Many Requests
" is not valid JSON
Processing UKDV...
  Failed to update UKDV: Unexpected token 'T', "Too Many Requests
" is not valid JSON
Processing HBR...
  Failed to update HBR: Unexpected token 'T', "Too Many Requests
" is not valid JSON
Processing BCE...
  Failed to update BCE: Unexpected token 'T', "Too Many Requests
" is not valid JSON
Processing VUSD...
  Failed to update VUSD: Unexpected token 'T', "Too Many Requests
" is not valid JSON
Processing BP...
  Failed to update BP: Unexpected token 'T', "Too Many Requests
" is not valid JSON
Processing IBGL...
  Failed to update IBGL: Unexpected token 'T', "Too Many Requests
" is not valid JSON
Processing TSLA...
  Failed to update TSLA: Unexpected token 'T', "Too Many Requests
" is not valid JSON
Processing IUSP...
  Failed to update IUSP: Unexpected token 'T', "Too Many Requests
" is not valid JSON
Processing VECP...
  Failed to update VECP: Unexpected token 'T', "Too Many Requests
" is not valid JSON
Processing ECAR...
  Failed to update ECAR: Unexpected token 'T', "Too Many Requests
" is not valid JSON
Processing FTNT...
  Failed to update FTNT: Unexpected token 'T', "Too Many Requests
" is not valid JSON
Processing SHOP...
  Failed to update SHOP: Unexpected token 'T', "Too Many Requests
" is not valid JSON
Processing PBR...
  Failed to update PBR: Unexpected token 'T', "Too Many Requests
" is not valid JSON
Processing AFL...
  Failed to update AFL: Unexpected token 'T', "Too Many Requests
" is not valid JSON
Processing ITW...
  Failed to update ITW: Unexpected token 'T', "Too Many Requests
" is not valid JSON
Processing PG...
  Failed to update PG: Unexpected token 'T', "Too Many Requests
" is not valid JSON
Processing AAPL...
  Failed to update AAPL: Unexpected token 'T', "Too Many Requests
" is not valid JSON
Processing CVX...
  Failed to update CVX: Unexpected token 'T', "Too Many Requests
" is not valid JSON
Processing O...
  Failed to update O: Unexpected token 'T', "Too Many Requests
" is not valid JSON
Processing CAT...
  Failed to update CAT: Unexpected token 'T', "Too Many Requests
" is not valid JSON
Processing IBM...
  Failed to update IBM: Unexpected token 'T', "Too Many Requests
" is not valid JSON
Processing TD...
  Failed to update TD: Unexpected token 'T', "Too Many Requests
" is not valid JSON
Processing JPM...
  Failed to update JPM: Unexpected token 'T', "Too Many Requests
" is not valid JSON
Processing MDT...
  Failed to update MDT: Unexpected token 'T', "Too Many Requests
" is not valid JSON
Processing CNQ...
  Failed to update CNQ: Unexpected token 'T', "Too Many Requests
" is not valid JSON
Processing AGNC...
  Failed to update AGNC: Unexpected token 'T', "Too Many Requests
" is not valid JSON
Processing ADP...
  Failed to update ADP: Unexpected token 'T', "Too Many Requests
" is not valid JSON
Processing SYY...
  Failed to update SYY: Unexpected token 'T', "Too Many Requests
" is not valid JSON
Processing LOW...
  Failed to update LOW: Unexpected token 'T', "Too Many Requests
" is not valid JSON
Processing JNJ...
  Failed to update JNJ: Unexpected token 'T', "Too Many Requests
" is not valid JSON
Processing BLK...
  Failed to update BLK: Unexpected token 'T', "Too Many Requests
" is not valid JSON
Processing CB...
  Failed to update CB: Unexpected token 'T', "Too Many Requests
" is not valid JSON
Processing PEP...
  Failed to update PEP: Unexpected token 'T', "Too Many Requests
" is not valid JSON
Processing GD...
  Failed to update GD: Unexpected token 'T', "Too Many Requests
" is not valid JSON
Processing ADM...
  Failed to update ADM: Unexpected token 'T', "Too Many Requests
" is not valid JSON
Processing SHW...
  Failed to update SHW: Unexpected token 'T', "Too Many Requests
" is not valid JSON
Processing BATS...
  Failed to update BATS: Unexpected token 'T', "Too Many Requests
" is not valid JSON
Processing TROW...
  Failed to update TROW: Unexpected token 'T', "Too Many Requests
" is not valid JSON
Processing BMO...
  Failed to update BMO: Unexpected token 'T', "Too Many Requests
" is not valid JSON
Processing RY...
  Failed to update RY: Unexpected token 'T', "Too Many Requests
" is not valid JSON
Processing BNS...
  Failed to update BNS: Unexpected token 'T', "Too Many Requests
" is not valid JSON
Processing BEN...
  Failed to update BEN: Unexpected token 'T', "Too Many Requests
" is not valid JSON
Processing EMR...
  Failed to update EMR: Unexpected token 'T', "Too Many Requests
" is not valid JSON
Processing KMB...
  Failed to update KMB: Unexpected token 'T', "Too Many Requests
" is not valid JSON
Processing NUE...
  Failed to update NUE: Unexpected token 'T', "Too Many Requests
" is not valid JSON
prisma:query SELECT "public"."Investment"."id", "public"."Investment"."symbol", "public"."Investment"."name", "public"."Investment"."currency", "public"."Investment"."lastPrice", "public"."Investment"."logoUrl", "public"."Investment"."updatedAt" FROM "public"."Investment" WHERE "public"."Investment"."logoUrl" IS NULL ORDER BY "public"."Investment"."id" ASC LIMIT $1 OFFSET $2
Found 50 investments to update in this batch.
Processing VUSA...
  Failed to update VUSA: Unexpected token 'T', "Too Many Requests
" is not valid JSON
Processing DIS...
  Failed to update DIS: Unexpected token 'T', "Too Many Requests
" is not valid JSON
Processing SPFA...
  Failed to update SPFA: Unexpected token 'T', "Too Many Requests
" is not valid JSON
Processing CTAS...
  Failed to update CTAS: Unexpected token 'T', "Too Many Requests
" is not valid JSON
Processing CG...
  Failed to update CG: Unexpected token 'T', "Too Many Requests
" is not valid JSON
Processing UKDV...
  Failed to update UKDV: Unexpected token 'T', "Too Many Requests
" is not valid JSON
Processing HBR...
  Failed to update HBR: Unexpected token 'T', "Too Many Requests
" is not valid JSON
Processing BCE...
  Failed to update BCE: Unexpected token 'T', "Too Many Requests
" is not valid JSON
Processing VUSD...
  Failed to update VUSD: Unexpected token 'T', "Too Many Requests
" is not valid JSON
Processing BP...
  Failed to update BP: Unexpected token 'T', "Too Many Requests
" is not valid JSON
Processing IBGL...
  Failed to update IBGL: Unexpected token 'T', "Too Many Requests
" is not valid JSON
Processing TSLA...
  Failed to update TSLA: Unexpected token 'T', "Too Many Requests
" is not valid JSON
Processing IUSP...
  Failed to update IUSP: Unexpected token 'T', "Too Many Requests
" is not valid JSON
Processing VECP...
  Failed to update VECP: Unexpected token 'T', "Too Many Requests
" is not valid JSON
Processing ECAR...
  Failed to update ECAR: Unexpected token 'T', "Too Many Requests
" is not valid JSON
Processing FTNT...
  Failed to update FTNT: Unexpected token 'T', "Too Many Requests
" is not valid JSON
Processing SHOP...
  Failed to update SHOP: Unexpected token 'T', "Too Many Requests
" is not valid JSON
Processing PBR...
  Failed to update PBR: Unexpected token 'T', "Too Many Requests
" is not valid JSON
Processing AFL...
  Failed to update AFL: Unexpected token 'T', "Too Many Requests
" is not valid JSON
Processing ITW...
  Failed to update ITW: Unexpected token 'T', "Too Many Requests
" is not valid JSON
Processing PG...
  Failed to update PG: Unexpected token 'T', "Too Many Requests
" is not valid JSON
Processing AAPL...
  Failed to update AAPL: Unexpected token 'T', "Too Many Requests
" is not valid JSON
Processing CVX...
  Failed to update CVX: Unexpected token 'T', "Too Many Requests
" is not valid JSON
Processing O...
  Failed to update O: Unexpected token 'T', "Too Many Requests
" is not valid JSON
Processing CAT...
  Failed to update CAT: Unexpected token 'T', "Too Many Requests
" is not valid JSON
Processing IBM...
  Failed to update IBM: Unexpected token 'T', "Too Many Requests
" is not valid JSON
Processing TD...
  Failed to update TD: Unexpected token 'T', "Too Many Requests
" is not valid JSON
Processing JPM...
  Failed to update JPM: Unexpected token 'T', "Too Many Requests
" is not valid JSON
Processing MDT...
  Failed to update MDT: Unexpected token 'T', "Too Many Requests
" is not valid JSON
Processing CNQ...
  Failed to update CNQ: Unexpected token 'T', "Too Many Requests
" is not valid JSON
Processing AGNC...
  Failed to update AGNC: Unexpected token 'T', "Too Many Requests
" is not valid JSON
Processing ADP...
  Failed to update ADP: Unexpected token 'T', "Too Many Requests
" is not valid JSON
Processing SYY...
  Failed to update SYY: Unexpected token 'T', "Too Many Requests
" is not valid JSON
Processing LOW...
  Failed to update LOW: Unexpected token 'T', "Too Many Requests
" is not valid JSON
Processing JNJ...
  Failed to update JNJ: Unexpected token 'T', "Too Many Requests
" is not valid JSON
Processing BLK...
  Failed to update BLK: Unexpected token 'T', "Too Many Requests
" is not valid JSON
Processing CB...
  Failed to update CB: Unexpected token 'T', "Too Many Requests
" is not valid JSON
Processing PEP...
  Failed to update PEP: Unexpected token 'T', "Too Many Requests
" is not valid JSON
Processing GD...
  Failed to update GD: Unexpected token 'T', "Too Many Requests
" is not valid JSON
Processing ADM...
  Failed to update ADM: Unexpected token 'T', "Too Many Requests
" is not valid JSON
Processing SHW...
  Failed to update SHW: Unexpected token 'T', "Too Many Requests
" is not valid JSON
Processing BATS...
  Failed to update BATS: Unexpected token 'T', "Too Many Requests
" is not valid JSON
Processing TROW...
  Failed to update TROW: Unexpected token 'T', "Too Many Requests
" is not valid JSON
Processing BMO...
  Failed to update BMO: Unexpected token 'T', "Too Many Requests
" is not valid JSON
Processing RY...
  Failed to update RY: Unexpected token 'T', "Too Many Requests
" is not valid JSON
Processing BNS...
  Failed to update BNS: Unexpected token 'T', "Too Many Requests
" is not valid JSON
Processing BEN...
  Failed to update BEN: Unexpected token 'T', "Too Many Requests
" is not valid JSON
Processing EMR...
  Failed to update EMR: Unexpected token 'T', "Too Many Requests
" is not valid JSON
Processing KMB...
  Failed to update KMB: Unexpected token 'T', "Too Many Requests
" is not valid JSON
Processing NUE...
  Failed to update NUE: Unexpected token 'T', "Too Many Requests
" is not valid JSON
prisma:query SELECT "public"."Investment"."id", "public"."Investment"."symbol", "public"."Investment"."name", "public"."Investment"."currency", "public"."Investment"."lastPrice", "public"."Investment"."logoUrl", "public"."Investment"."updatedAt" FROM "public"."Investment" WHERE "public"."Investment"."logoUrl" IS NULL ORDER BY "public"."Investment"."id" ASC LIMIT $1 OFFSET $2
Found 50 investments to update in this batch.
Processing VUSA...
  Failed to update VUSA: Unexpected token 'T', "Too Many Requests
" is not valid JSON
Processing DIS...
  Failed to update DIS: Unexpected token 'T', "Too Many Requests
" is not valid JSON
Processing SPFA...
  Failed to update SPFA: Unexpected token 'T', "Too Many Requests
" is not valid JSON
Processing CTAS...
  Failed to update CTAS: Unexpected token 'T', "Too Many Requests
" is not valid JSON
Processing CG...
  Failed to update CG: Unexpected token 'T', "Too Many Requests
" is not valid JSON
Processing UKDV...
  Failed to update UKDV: Unexpected token 'T', "Too Many Requests
" is not valid JSON
Processing HBR...
  Failed to update HBR: Unexpected token 'T', "Too Many Requests
" is not valid JSON
Processing BCE...
  Failed to update BCE: Unexpected token 'T', "Too Many Requests
" is not valid JSON
Processing VUSD...
  Failed to update VUSD: Unexpected token 'T', "Too Many Requests
" is not valid JSON
Processing BP...
  Failed to update BP: Unexpected token 'T', "Too Many Requests
" is not valid JSON
Processing IBGL...
  Failed to update IBGL: Unexpected token 'T', "Too Many Requests
" is not valid JSON
Processing TSLA...
  Failed to update TSLA: Unexpected token 'T', "Too Many Requests
" is not valid JSON
Processing IUSP...
  Failed to update IUSP: Unexpected token 'T', "Too Many Requests
" is not valid JSON
Processing VECP...
  Failed to update VECP: Unexpected token 'T', "Too Many Requests
" is not valid JSON
Processing ECAR...
  Failed to update ECAR: Unexpected token 'T', "Too Many Requests
" is not valid JSON
Processing FTNT...
  Failed to update FTNT: Unexpected token 'T', "Too Many Requests
" is not valid JSON
Processing SHOP...
  Failed to update SHOP: Unexpected token 'T', "Too Many Requests
" is not valid JSON
Processing PBR...
  Failed to update PBR: Unexpected token 'T', "Too Many Requests
" is not valid JSON
Processing AFL...
  Failed to update AFL: Unexpected token 'T', "Too Many Requests
" is not valid JSON
Processing ITW...
  Failed to update ITW: Unexpected token 'T', "Too Many Requests
" is not valid JSON
Processing PG...
  Failed to update PG: Unexpected token 'T', "Too Many Requests
" is not valid JSON
Processing AAPL...
  Failed to update AAPL: Unexpected token 'T', "Too Many Requests
" is not valid JSON
Processing CVX...
  Failed to update CVX: Unexpected token 'T', "Too Many Requests
" is not valid JSON
Processing O...
  Failed to update O: Unexpected token 'T', "Too Many Requests
" is not valid JSON
Processing CAT...
  Failed to update CAT: Unexpected token 'T', "Too Many Requests
" is not valid JSON
Processing IBM...
  Failed to update IBM: Unexpected token 'T', "Too Many Requests
" is not valid JSON
Processing TD...
  Failed to update TD: Unexpected token 'T', "Too Many Requests
" is not valid JSON
Processing JPM...
  Failed to update JPM: Unexpected token 'T', "Too Many Requests
" is not valid JSON
Processing MDT...
  Failed to update MDT: Unexpected token 'T', "Too Many Requests
" is not valid JSON
Processing CNQ...
  Failed to update CNQ: Unexpected token 'T', "Too Many Requests
" is not valid JSON
Processing AGNC...
  Failed to update AGNC: Unexpected token 'T', "Too Many Requests
" is not valid JSON
Processing ADP...
  Failed to update ADP: Unexpected token 'T', "Too Many Requests
" is not valid JSON
Processing SYY...
  Failed to update SYY: Unexpected token 'T', "Too Many Requests
" is not valid JSON
Processing LOW...
  Failed to update LOW: Unexpected token 'T', "Too Many Requests
" is not valid JSON
Processing JNJ...
  Failed to update JNJ: Unexpected token 'T', "Too Many Requests
" is not valid JSON
Processing BLK...
  Failed to update BLK: Unexpected token 'T', "Too Many Requests
" is not valid JSON
Processing CB...
  Failed to update CB: Unexpected token 'T', "Too Many Requests
" is not valid JSON
Processing PEP...
  Failed to update PEP: Unexpected token 'T', "Too Many Requests
" is not valid JSON
Processing GD...
  Failed to update GD: Unexpected token 'T', "Too Many Requests
" is not valid JSON
Processing ADM...
  Failed to update ADM: Unexpected token 'T', "Too Many Requests
" is not valid JSON
Processing SHW...
  Failed to update SHW: Unexpected token 'T', "Too Many Requests
" is not valid JSON
Processing BATS...
  Failed to update BATS: Unexpected token 'T', "Too Many Requests
" is not valid JSON
Processing TROW...
  Failed to update TROW: Unexpected token 'T', "Too Many Requests
" is not valid JSON
Processing BMO...
  Failed to update BMO: Unexpected token 'T', "Too Many Requests
" is not valid JSON
Processing RY...
  Failed to update RY: Unexpected token 'T', "Too Many Requests
" is not valid JSON
Processing BNS...
  Failed to update BNS: Unexpected token 'T', "Too Many Requests
" is not valid JSON
Processing BEN...
  Failed to update BEN: Unexpected token 'T', "Too Many Requests
" is not valid JSON
Processing EMR...
  Failed to update EMR: Unexpected token 'T', "Too Many Requests
" is not valid JSON
Processing KMB...
  Failed to update KMB: Unexpected token 'T', "Too Many Requests
" is not valid JSON
Processing NUE...
  Failed to update NUE: Unexpected token 'T', "Too Many Requests
" is not valid JSON
prisma:query SELECT "public"."Investment"."id", "public"."Investment"."symbol", "public"."Investment"."name", "public"."Investment"."currency", "public"."Investment"."lastPrice", "public"."Investment"."logoUrl", "public"."Investment"."updatedAt" FROM "public"."Investment" WHERE "public"."Investment"."logoUrl" IS NULL ORDER BY "public"."Investment"."id" ASC LIMIT $1 OFFSET $2
Found 50 investments to update in this batch.
Processing VUSA...
  Failed to update VUSA: Unexpected token 'T', "Too Many Requests
" is not valid JSON
Processing DIS...
Terminate batch job (Y/N)? 
^C